<?xml version="1.0" encoding="UTF-8"?>
<!-- Generated by org.testng.reporters.JUnitReportReporter -->
<testsuite hostname="PTBLR10806" name="com.qa.test.testRun" tests="1" failures="0" timestamp="18 May 2014 06:38:07 GMT" time="0.557" errors="0">
  <testcase name="testHtml" time="0.557" classname="com.qa.test.testRun"/>
</testsuite> <!-- com.qa.test.testRun -->
