<?xml version="1.0" encoding="UTF-8"?>
<!-- Generated by org.testng.reporters.JUnitReportReporter -->
<testsuite hostname="PTBLR10806" name="com.qa.test.testclass" tests="1" failures="0" timestamp="18 May 2014 05:43:23 GMT" time="0.327" errors="0">
  <testcase name="tet" time="0.327" classname="com.qa.test.testclass"/>
</testsuite> <!-- com.qa.test.testclass -->
