<?xml version="1.0" encoding="UTF-8"?>
<!-- Generated by org.testng.reporters.JUnitReportReporter -->
<testsuite hostname="PTBLR10806" name="com.qa.test.testZapi" tests="1" failures="0" timestamp="29 Sep 2014 16:04:15 GMT" time="7.485" errors="0">
  <testcase name="updateZapiReport" time="7.485" classname="com.qa.test.testZapi"/>
</testsuite> <!-- com.qa.test.testZapi -->
