<?xml version="1.0" encoding="UTF-8"?>
<!-- Generated by org.testng.reporters.JUnitReportReporter -->
<testsuite hostname="PTBLR10806" name="com.qa.test.testRun" tests="1" failures="0" timestamp="23 Sep 2014 15:50:12 GMT" time="38.424" errors="0">
  <testcase name="testHtml" time="38.424" classname="com.qa.test.testRun"/>
</testsuite> <!-- com.qa.test.testRun -->
