<?xml version="1.0" encoding="UTF-8"?>
<!-- Generated by org.testng.reporters.JUnitReportReporter -->
<testsuite hostname="PTBLR10806" name="com.qa.test.testRun" tests="1" failures="0" timestamp="9 Jun 2014 16:54:52 GMT" time="21.275" errors="0">
  <testcase name="testHtml" time="21.275" classname="com.qa.test.testRun"/>
</testsuite> <!-- com.qa.test.testRun -->
