<?xml version="1.0" encoding="UTF-8"?>
<!-- Generated by org.testng.reporters.JUnitReportReporter -->
<testsuite hostname="PTBLR10806" name="com.qa.test.testRun" tests="1" failures="0" timestamp="19 May 2014 05:27:37 GMT" time="1.041" errors="0">
  <testcase name="testHtml" time="1.041" classname="com.qa.test.testRun"/>
</testsuite> <!-- com.qa.test.testRun -->
